{"name": "test_01", "status": "failed", "statusDetails": {"message": "AssertionError: 预期结果不等于实际结果\nassert 1 == 2", "trace": "self = <auto_test.test_demo.Test01 object at 0x00000243A0203340>\n\n    @allure.feature(\"测试一\")\n    def test_01 (self):\n        print(\"执行测试一\")\n>       assert 1==2,\"预期结果不等于实际结果\"\nE       AssertionError: 预期结果不等于实际结果\nE       assert 1 == 2\n\nauto_test\\test_demo.py:22: AssertionError"}, "attachments": [{"name": "stdout", "source": "53c03165-9b04-4ff4-a5c1-a96188dfb534-attachment.txt", "type": "text/plain"}], "start": 1639067315478, "stop": 1639067315479, "uuid": "605d5148-1c48-45ce-8788-8884f6927731", "historyId": "a162b33fd2ab20aa9e0a84f4f9aaff5f", "testCaseId": "d03045b62bad1f4a3b0f744de6fe6ba9", "fullName": "auto_test.test_demo.Test01#test_01", "labels": [{"name": "feature", "value": "测试一"}, {"name": "parentSuite", "value": "auto_test"}, {"name": "suite", "value": "test_demo"}, {"name": "subSuite", "value": "Test01"}, {"name": "host", "value": "DSCCT2021"}, {"name": "thread", "value": "30824-MainThread"}, {"name": "framework", "value": "pytest"}, {"name": "language", "value": "cpython3"}, {"name": "package", "value": "auto_test.test_demo"}]}